<?xml version="1.0" encoding="UTF-8"?>
<!-- Generated by org.testng.reporters.JUnitReportReporter -->
<testsuite hostname="Sid-PC" failures="0" tests="1" name="com.anvsystems.tests.LoginTest" time="15.306" errors="0" timestamp="2023-10-27T20:47:27 IST" skipped="0">
  <testcase classname="com.anvsystems.tests.LoginTest" name="loginTestWithValidCredentials" time="15.306"/>
</testsuite> <!-- com.anvsystems.tests.LoginTest -->
